This is pdfeTeX, Version 3.141592-1.21a-2.2 (Web2C 7.5.4) (format=latex 2006.7.17)  19 SEP 2006 17:45
entering extended mode
**./images.tex
(./images.tex
LaTeX2e <2003/12/01>
Babel <v3.8d> and hyphenation patterns for american, french, german, ngerman, b
ahasa, basque, bulgarian, catalan, croatian, czech, danish, dutch, esperanto, e
stonian, finnish, greek, icelandic, irish, italian, latin, magyar, norsk, polis
h, portuges, romanian, russian, serbian, slovak, slovene, spanish, swedish, tur
kish, ukrainian, nohyphenation, loaded.

(/usr/share/texmf-tetex/tex/latex/base/report.cls
Document Class: report 2004/02/16 v1.4f Standard LaTeX document class
(/usr/share/texmf-tetex/tex/latex/base/size10.clo
File: size10.clo 2004/02/16 v1.4f Standard LaTeX file (size option)
)
\c@part=\count79
\c@chapter=\count80
\c@section=\count81
\c@subsection=\count82
\c@subsubsection=\count83
\c@paragraph=\count84
\c@subparagraph=\count85
\c@figure=\count86
\c@table=\count87
\abovecaptionskip=\skip41
\belowcaptionskip=\skip42
\bibindent=\dimen102
) (/usr/share/texmf-tetex/tex/latex/base/ifthen.sty
Package: ifthen 2001/05/26 v1.1c Standard LaTeX ifthen package (DPC)
) (/usr/share/texmf-tetex/tex/latex/base/makeidx.sty
Package: makeidx 2000/03/29 v1.0m Standard LaTeX package
) (/usr/share/texmf-tetex/tex/latex/graphics/graphicx.sty
Package: graphicx 1999/02/16 v1.0f Enhanced LaTeX Graphics (DPC,SPQR)
(/usr/share/texmf-tetex/tex/latex/graphics/keyval.sty
Package: keyval 1999/03/16 v1.13 key=value parser (DPC)
\KV@toks@=\toks14
) (/usr/share/texmf-tetex/tex/latex/graphics/graphics.sty
Package: graphics 2001/07/07 v1.0n Standard LaTeX Graphics (DPC,SPQR)
(/usr/share/texmf-tetex/tex/latex/graphics/trig.sty
Package: trig 1999/03/16 v1.09 sin cos tan (DPC)
) (/usr/share/texmf-tetex/tex/latex/graphics/graphics.cfg
File: graphics.cfg 2005/02/03 v1.3 graphics configuration of teTeX/TeXLive
)
Package graphics Info: Driver file: dvips.def on input line 80.
(/usr/share/texmf-tetex/tex/latex/graphics/dvips.def
File: dvips.def 1999/02/16 v3.0i Driver-dependant file (DPC,SPQR)
))
\Gin@req@height=\dimen103
\Gin@req@width=\dimen104
)
\@indexfile=\write3
\openout3 = `images.idx'.

Writing index file images.idx
(/usr/share/texmf-tetex/tex/latex/graphics/color.sty
Package: color 1999/02/16 v1.0i Standard LaTeX Color (DPC)
(/usr/share/texmf-tetex/tex/latex/graphics/color.cfg
File: color.cfg 2005/02/03 v1.3 color configuration of teTeX/TeXLive
)
Package color Info: Driver file: dvips.def on input line 125.
(/usr/share/texmf-tetex/tex/latex/graphics/dvipsnam.def
File: dvipsnam.def 1999/02/16 v3.0i Driver-dependant file (DPC,SPQR)
)) (/usr/share/texmf-tetex/tex/latex/base/inputenc.sty
Package: inputenc 2004/02/05 v1.0d Input encoding file
)
\sizebox=\box26
\lthtmlwrite=\write4
(./images.aux

LaTeX Warning: Label `ewald-construction' multiply defined.

)
\openout1 = `images.aux'.

LaTeX Font Info:    Checking defaults for OML/cmm/m/it on input line 125.
LaTeX Font Info:    ... okay on input line 125.
LaTeX Font Info:    Checking defaults for T1/cmr/m/n on input line 125.
LaTeX Font Info:    ... okay on input line 125.
LaTeX Font Info:    Checking defaults for OT1/cmr/m/n on input line 125.
LaTeX Font Info:    ... okay on input line 125.
LaTeX Font Info:    Checking defaults for OMS/cmsy/m/n on input line 125.
LaTeX Font Info:    ... okay on input line 125.
LaTeX Font Info:    Checking defaults for OMX/cmex/m/n on input line 125.
LaTeX Font Info:    ... okay on input line 125.
LaTeX Font Info:    Checking defaults for U/cmr/m/n on input line 125.
LaTeX Font Info:    ... okay on input line 125.

latex2htmlLength hsize=349.0pt

latex2htmlLength vsize=732.58464pt

latex2htmlLength hoffset=0.0pt

latex2htmlLength voffset=0.0pt

latex2htmlLength topmargin=0.0pt

latex2htmlLength topskip=0.00003pt

latex2htmlLength headheight=0.0pt

latex2htmlLength headsep=0.0pt

latex2htmlLength parskip=0.0pt plus 1.0pt

latex2htmlLength oddsidemargin=62.0pt

latex2htmlLength evensidemargin=62.0pt

LaTeX Font Info:    External font `cmex10' loaded for size
(Font)              <7> on input line 151.
LaTeX Font Info:    External font `cmex10' loaded for size
(Font)              <5> on input line 151.
l2hSize :tex2html_wrap_inline183:6.95831pt::6.95831pt::8.27783pt.
[1



]
l2hSize :tex2html_wrap_inline185:6.95831pt::6.95831pt::8.27783pt.
[2


]
l2hSize :tex2html_wrap_inline243:8.14003pt::0.0pt::13.9723pt.
[3


]
l2hSize :tex2html_wrap_inline257:8.14003pt::0.0pt::13.7663pt.
[4


]
l2hSize :tex2html_wrap_inline259:6.95831pt::6.95831pt::15.92131pt.
[5


]
l2hSize :tex2html_wrap_inline261:6.94444pt::0.0pt::5.7049pt.
[6


]
l2hSize :tex2html_wrap_inline263:6.94444pt::0.0pt::6.33339pt.
[7


]
l2hSize :tex2html_wrap_inline265:7.44444pt::7.44444pt::23.85185pt.
[8


]
l2hSize :displaymath49:25.4002pt::0.0pt::349.0pt.
[9


]
l2hSize :displaymath57:20.80396pt::0.0pt::349.0pt.
[10


]
l2hSize :displaymath61:20.80396pt::0.0pt::349.0pt.
[11


]
l2hSize :displaymath65:23.01347pt::0.0pt::349.0pt.
[12


]
l2hSize :tex2html_wrap_inline267:6.45831pt::0.0pt::6.50238pt.
[13


]
l2hSize :tex2html_wrap_inline269:8.0pt::8.0pt::45.07593pt.
[14


]
l2hSize :tex2html_wrap_inline271:6.95831pt::6.95831pt::9.1152pt.
[15


]
l2hSize :tex2html_wrap_inline273:7.44444pt::7.44444pt::8.12097pt.
[16


]
l2hSize :tex2html_wrap_inline275:6.45831pt::0.0pt::4.82759pt.
[17


]
l2hSize :displaymath71:31.8098pt::0.0pt::349.0pt.
[18


]
Overfull \hbox (56.39204pt too wide) detected at line 273
\OML/cmm/m/it/10 F\OT1/cmr/m/n/10 (\OML/cmm/m/it/10 h; k; l\OT1/cmr/m/n/10 ) = 
[]\OMS/cmsy/m/n/10 f\OML/cmm/m/it/10 f[]\OT1/cmr/m/n/10 (\OML/cmm/m/it/10 h; k;
 l\OT1/cmr/m/n/10 ) []\OMS/cmsy/m/n/10 f\OT1/cmr/m/n/10 2\OML/cmm/m/it/10 ^^Y\O
T1/cmr/m/n/10 (\OML/cmm/m/it/10 hx[] \OT1/cmr/m/n/10 + \OML/cmm/m/it/10 ky[] \O
T1/cmr/m/n/10 + \OML/cmm/m/it/10 lz[]\OT1/cmr/m/n/10 )\OMS/cmsy/m/n/10 gg \OT1/
cmr/m/n/10 + \OML/cmm/m/it/10 i []\OMS/cmsy/m/n/10 f\OML/cmm/m/it/10 f[]\OT1/cm
r/m/n/10 (\OML/cmm/m/it/10 h; k; l\OT1/cmr/m/n/10 ) []\OMS/cmsy/m/n/10 f\OT1/cm
r/m/n/10 2\OML/cmm/m/it/10 ^^Y\OT1/cmr/m/n/10 (\OML/cmm/m/it/10 hx[] \OT1/cmr/m
/n/10 + \OML/cmm/m/it/10 ky[] \OT1/cmr/m/n/10 + \OML/cmm/m/it/10 lz[]\OT1/cmr/m
/n/10 )\OMS/cmsy/m/n/10 gg
 []

l2hSize :displaymath78:33.76395pt::0.0pt::349.0pt.
[19


]
l2hSize :tex2html_wrap_inline277:6.83331pt::0.0pt::14.70837pt.
[20


]
l2hSize :tex2html_wrap_inline279:6.83331pt::0.0pt::14.70837pt.
[21


]
l2hSize :tex2html_wrap_inline281:6.83331pt::0.0pt::33.04161pt.
[22


]
l2hSize :tex2html_wrap_inline283:6.83331pt::0.0pt::33.04161pt.
[23


]
l2hSize :tex2html_wrap_inline285:6.83331pt::0.0pt::68.36098pt.
[24


]
l2hSize :tex2html_wrap_inline287:6.83331pt::0.0pt::8.30907pt.
[25


]
l2hSize :tex2html_wrap_inline289:6.94444pt::0.0pt::10.47227pt.
[26


]
l2hSize :tex2html_wrap_inline291:7.33331pt::7.33331pt::19.67139pt.
[27


]
l2hSize :tex2html_wrap_inline293:7.33331pt::7.33331pt::8.22516pt.
[28


]
l2hSize :tex2html_wrap_inline295:6.45831pt::0.0pt::5.1563pt.
[29


]
l2hSize :tex2html_wrap_inline297:6.45831pt::0.0pt::9.28017pt.
[30


]
l2hSize :tex2html_wrap_inline301:10.67732pt::10.67732pt::17.47272pt.
[31


]
l2hSize :displaymath89:14.5pt::0.0pt::349.0pt.
[32


]
l2hSize :displaymath91:24.2646pt::0.0pt::349.0pt.
[33


]
l2hSize :tex2html_wrap_inline303:6.83331pt::0.0pt::7.72226pt.
[34


]
l2hSize :tex2html_wrap_inline305:7.33331pt::7.33331pt::17.15712pt.
[35


]
l2hSize :displaymath98:23.40234pt::0.0pt::349.0pt.
[36


]
l2hSize :tex2html_wrap_inline307:7.44444pt::7.44444pt::25.917pt.
[37


]
l2hSize :displaymath103:14.5pt::0.0pt::349.0pt.
[38


]
l2hSize :tex2html_wrap_inline309:6.45831pt::0.0pt::6.00351pt.
[39


]
l2hSize :tex2html_wrap_inline311:8.0pt::8.0pt::50.31908pt.
[40


]
l2hSize :tex2html_wrap_inline313:6.45831pt::0.0pt::6.2153pt.
[41


]
l2hSize :tex2html_wrap_inline315:7.44444pt::7.44444pt::25.54848pt.
[42


]
l2hSize :displaymath108:14.5pt::0.0pt::349.0pt.
[43


]
l2hSize :tex2html_wrap_inline317:6.95831pt::6.95831pt::6.52551pt.
[44


]
l2hSize :tex2html_wrap_inline319:7.44444pt::7.44444pt::21.52998pt.
[45


]
l2hSize :displaymath113:25.95071pt::0.0pt::349.0pt.
[46


]
l2hSize :tex2html_wrap_inline321:7.33331pt::7.33331pt::22.80185pt.
[47


]
l2hSize :tex2html_wrap_inline323:6.95831pt::6.95831pt::23.03583pt.
[48


]
l2hSize :tex2html_wrap_inline325:7.33331pt::7.33331pt::26.41296pt.
[49


]
l2hSize :tex2html_wrap_inline327:6.45831pt::0.0pt::4.11115pt.
[50


]
l2hSize :tex2html_wrap_inline329:6.45831pt::0.0pt::4.0394pt.
[51


]
l2hSize :tex2html_wrap_inline331:6.83331pt::0.0pt::9.625pt.
[52


]
l2hSize :displaymath123:31.84732pt::0.0pt::349.0pt.
[53


]
l2hSize :displaymath133:31.84732pt::0.0pt::349.0pt.
[54


] (./images.aux)

LaTeX Warning: There were multiply-defined labels.

 ) 
Here is how much of TeX's memory you used:
 835 strings out of 94501
 10820 string characters out of 1175794
 55797 words of memory out of 1000000
 4053 multiletter control sequences out of 10000+50000
 3640 words of font info for 14 fonts, out of 500000 for 2000
 580 hyphenation exceptions out of 8191
 25i,6n,19p,195b,147s stack positions out of 1500i,500n,5000p,200000b,5000s

Output written on images.dvi (54 pages, 14328 bytes).
